{
  "stats": {
    "suites": 1,
    "tests": 3,
    "passes": 3,
    "pending": 0,
    "failures": 0,
    "start": "2025-11-05T12:48:17.006Z",
    "end": "2025-11-05T12:48:52.636Z",
    "duration": 35630,
    "testsRegistered": 3,
    "passPercent": 100,
    "pendingPercent": 0,
    "other": 0,
    "hasOther": false,
    "skipped": 0,
    "hasSkipped": false
  },
  "results": [
    {
      "uuid": "ac406cc6-a829-4027-a60e-26889e969578",
      "title": "",
      "fullFile": "C:\\Users\\KAVISHKA\\Documents\\project\\Expense-Tracker\\Tests\\expense_tracker_automation\\tests\\test_expenseTracker.js",
      "file": "\\tests\\test_expenseTracker.js",
      "beforeHooks": [],
      "afterHooks": [],
      "tests": [],
      "suites": [
        {
          "uuid": "5124cc0b-ec3f-4f9c-aa76-1e26b3e69e94",
          "title": "Expense Tracker Login Test",
          "fullFile": "C:\\Users\\KAVISHKA\\Documents\\project\\Expense-Tracker\\Tests\\expense_tracker_automation\\tests\\test_expenseTracker.js",
          "file": "\\tests\\test_expenseTracker.js",
          "beforeHooks": [
            {
              "title": "\"before all\" hook in \"Expense Tracker Login Test\"",
              "fullTitle": "Expense Tracker Login Test \"before all\" hook in \"Expense Tracker Login Test\"",
              "timedOut": false,
              "duration": 3020,
              "state": null,
              "speed": null,
              "pass": false,
              "fail": false,
              "pending": false,
              "context": null,
              "code": "console.log(\"🚀 Launching Edge browser...\");\nconst options = new edge.Options();\ndriver = await new Builder()\n  .forBrowser(\"MicrosoftEdge\")\n  .setEdgeOptions(options)\n  .build();\nawait driver.manage().window().maximize();\nawait driver.get(CONFIG.BASE_URL);\n// Wait for login form to appear\nawait driver.wait(until.elementLocated(By.css(\"form\")), 10000);",
              "err": {},
              "uuid": "059640ca-abea-4cb8-9020-8d26fa48b7ce",
              "parentUUID": "5124cc0b-ec3f-4f9c-aa76-1e26b3e69e94",
              "isHook": true,
              "skipped": false
            }
          ],
          "afterHooks": [
            {
              "title": "\"after all\" hook in \"Expense Tracker Login Test\"",
              "fullTitle": "Expense Tracker Login Test \"after all\" hook in \"Expense Tracker Login Test\"",
              "timedOut": false,
              "duration": 134,
              "state": null,
              "speed": null,
              "pass": false,
              "fail": false,
              "pending": false,
              "context": null,
              "code": "console.log(\"🧹 Closing browser...\");\nawait driver.quit();",
              "err": {},
              "uuid": "7744e55a-7cea-4fb0-a2eb-1c5b65edfe93",
              "parentUUID": "5124cc0b-ec3f-4f9c-aa76-1e26b3e69e94",
              "isHook": true,
              "skipped": false
            },
            {
              "title": "\"after each\" hook in \"Expense Tracker Login Test\"",
              "fullTitle": "Expense Tracker Login Test \"after each\" hook in \"Expense Tracker Login Test\"",
              "timedOut": false,
              "duration": 2010,
              "state": null,
              "speed": null,
              "pass": false,
              "fail": false,
              "pending": false,
              "context": null,
              "code": "await driver.sleep(2000);",
              "err": {},
              "uuid": "413d241a-68fb-477a-a6e8-6b8da3dbec60",
              "parentUUID": "5124cc0b-ec3f-4f9c-aa76-1e26b3e69e94",
              "isHook": true,
              "skipped": false
            },
            {
              "title": "\"after each\" hook in \"Expense Tracker Login Test\"",
              "fullTitle": "Expense Tracker Login Test \"after each\" hook in \"Expense Tracker Login Test\"",
              "timedOut": false,
              "duration": 2015,
              "state": null,
              "speed": null,
              "pass": false,
              "fail": false,
              "pending": false,
              "context": null,
              "code": "await driver.sleep(2000);",
              "err": {},
              "uuid": "a41d2569-3a30-435b-be44-e287b1207099",
              "parentUUID": "5124cc0b-ec3f-4f9c-aa76-1e26b3e69e94",
              "isHook": true,
              "skipped": false
            },
            {
              "title": "\"after each\" hook in \"Expense Tracker Login Test\"",
              "fullTitle": "Expense Tracker Login Test \"after each\" hook in \"Expense Tracker Login Test\"",
              "timedOut": false,
              "duration": 2015,
              "state": null,
              "speed": null,
              "pass": false,
              "fail": false,
              "pending": false,
              "context": null,
              "code": "await driver.sleep(2000);",
              "err": {},
              "uuid": "a4298b3c-81e5-47ca-adbd-eefb2d987f2a",
              "parentUUID": "5124cc0b-ec3f-4f9c-aa76-1e26b3e69e94",
              "isHook": true,
              "skipped": false
            }
          ],
          "tests": [
            {
              "title": "should log in successfully",
              "fullTitle": "Expense Tracker Login Test should log in successfully",
              "timedOut": false,
              "duration": 326,
              "state": "passed",
              "speed": "slow",
              "pass": true,
              "fail": false,
              "pending": false,
              "context": null,
              "code": "console.log(\"🧪 Running login test\");\nconst loginPage = new LoginPage(driver);\nconst email = \"test@example.com\";\nconst password = \"test@123\";\n\nawait loginPage.login(email, password);\nconsole.log(\"✅ Login test completed successfully!\");",
              "err": {},
              "uuid": "8ef586ee-829c-4251-ae77-3823782a2349",
              "parentUUID": "5124cc0b-ec3f-4f9c-aa76-1e26b3e69e94",
              "isHook": false,
              "skipped": false
            },
            {
              "title": "should add income successfully",
              "fullTitle": "Expense Tracker Login Test should add income successfully",
              "timedOut": false,
              "duration": 8089,
              "state": "passed",
              "speed": "slow",
              "pass": true,
              "fail": false,
              "pending": false,
              "context": null,
              "code": "console.log(\"🧪 Running add income test\");\nconst incomePage = new IncomePage(driver);\nconst Source = \"Salary\";\nconst amount = \"10000\";\nconst date = \"11/03/2025\";\nawait incomePage.addIncome(Source, amount, date);\n\nconsole.log(\"✅ Expenses add test completed successfully!\");",
              "err": {},
              "uuid": "404cc5ae-e80d-4718-8f5b-7dceae79d9d6",
              "parentUUID": "5124cc0b-ec3f-4f9c-aa76-1e26b3e69e94",
              "isHook": false,
              "skipped": false
            },
            {
              "title": "should add expenses successfully",
              "fullTitle": "Expense Tracker Login Test should add expenses successfully",
              "timedOut": false,
              "duration": 5967,
              "state": "passed",
              "speed": "slow",
              "pass": true,
              "fail": false,
              "pending": false,
              "context": null,
              "code": "console.log(\"🧪 Running add expense test\");\nconst expensePage = new ExpensePage(driver);\nconst category = \"food\";\nconst amount = \"100\";\nconst date = \"11/03/2025\";\n// Correct method call\nawait expensePage.addExpense(category, amount, date);\nconsole.log(\"✅ Expenses add test completed successfully!\");",
              "err": {},
              "uuid": "a50dab27-eea1-43f0-9140-415fcc29c207",
              "parentUUID": "5124cc0b-ec3f-4f9c-aa76-1e26b3e69e94",
              "isHook": false,
              "skipped": false
            }
          ],
          "suites": [],
          "passes": [
            "8ef586ee-829c-4251-ae77-3823782a2349",
            "404cc5ae-e80d-4718-8f5b-7dceae79d9d6",
            "a50dab27-eea1-43f0-9140-415fcc29c207"
          ],
          "failures": [],
          "pending": [],
          "skipped": [],
          "duration": 14382,
          "root": false,
          "rootEmpty": false,
          "_timeout": 60000
        }
      ],
      "passes": [],
      "failures": [],
      "pending": [],
      "skipped": [],
      "duration": 0,
      "root": true,
      "rootEmpty": true,
      "_timeout": 2000
    }
  ],
  "meta": {
    "mocha": {
      "version": "11.7.4"
    },
    "mochawesome": {
      "options": {
        "quiet": false,
        "reportFilename": "mochawesome",
        "saveHtml": true,
        "saveJson": true,
        "consoleReporter": "spec",
        "useInlineDiffs": false,
        "code": true
      },
      "version": "7.1.4"
    },
    "marge": {
      "options": null,
      "version": "6.3.0"
    }
  }
}