{
  "stats": {
    "suites": 1,
    "tests": 3,
    "passes": 3,
    "pending": 0,
    "failures": 0,
    "start": "2025-11-05T08:31:38.202Z",
    "end": "2025-11-05T08:31:55.129Z",
    "duration": 16927,
    "testsRegistered": 3,
    "passPercent": 100,
    "pendingPercent": 0,
    "other": 0,
    "hasOther": false,
    "skipped": 0,
    "hasSkipped": false
  },
  "results": [
    {
      "uuid": "99d5ffc1-ef11-4150-bfbb-2ab5a0d12e47",
      "title": "",
      "fullFile": "C:\\Users\\KAVISHKA\\Documents\\project\\Expense-Tracker\\Tests\\expense_tracker_automation\\tests\\test_expenseTracker.js",
      "file": "\\tests\\test_expenseTracker.js",
      "beforeHooks": [],
      "afterHooks": [],
      "tests": [],
      "suites": [
        {
          "uuid": "7142d543-1490-488d-ac6c-e6e8b7fd5cdb",
          "title": "Expense Tracker Login Test",
          "fullFile": "C:\\Users\\KAVISHKA\\Documents\\project\\Expense-Tracker\\Tests\\expense_tracker_automation\\tests\\test_expenseTracker.js",
          "file": "\\tests\\test_expenseTracker.js",
          "beforeHooks": [
            {
              "title": "\"before all\" hook in \"Expense Tracker Login Test\"",
              "fullTitle": "Expense Tracker Login Test \"before all\" hook in \"Expense Tracker Login Test\"",
              "timedOut": false,
              "duration": 3031,
              "state": null,
              "speed": null,
              "pass": false,
              "fail": false,
              "pending": false,
              "context": null,
              "code": "console.log(\"🚀 Launching Edge browser...\");\nconst options = new edge.Options();\ndriver = await new Builder()\n  .forBrowser(\"MicrosoftEdge\")\n  .setEdgeOptions(options)\n  .build();\nawait driver.manage().window().maximize();\nawait driver.get(CONFIG.BASE_URL);\n// Wait for login form to appear\nawait driver.wait(until.elementLocated(By.css(\"form\")), 10000);",
              "err": {},
              "uuid": "79aca4e6-6ddf-41ca-b5db-282577458e35",
              "parentUUID": "7142d543-1490-488d-ac6c-e6e8b7fd5cdb",
              "isHook": true,
              "skipped": false
            }
          ],
          "afterHooks": [
            {
              "title": "\"after all\" hook in \"Expense Tracker Login Test\"",
              "fullTitle": "Expense Tracker Login Test \"after all\" hook in \"Expense Tracker Login Test\"",
              "timedOut": false,
              "duration": 148,
              "state": null,
              "speed": null,
              "pass": false,
              "fail": false,
              "pending": false,
              "context": null,
              "code": "console.log(\"🧹 Closing browser...\");\nawait driver.quit();",
              "err": {},
              "uuid": "246a3422-fd25-495d-9f15-54aabaa26416",
              "parentUUID": "7142d543-1490-488d-ac6c-e6e8b7fd5cdb",
              "isHook": true,
              "skipped": false
            },
            {
              "title": "\"after each\" hook in \"Expense Tracker Login Test\"",
              "fullTitle": "Expense Tracker Login Test \"after each\" hook in \"Expense Tracker Login Test\"",
              "timedOut": false,
              "duration": 2003,
              "state": null,
              "speed": null,
              "pass": false,
              "fail": false,
              "pending": false,
              "context": null,
              "code": "await driver.sleep(2000);",
              "err": {},
              "uuid": "fde56b4c-c55d-4e9c-acfa-1bb199007717",
              "parentUUID": "7142d543-1490-488d-ac6c-e6e8b7fd5cdb",
              "isHook": true,
              "skipped": false
            },
            {
              "title": "\"after each\" hook in \"Expense Tracker Login Test\"",
              "fullTitle": "Expense Tracker Login Test \"after each\" hook in \"Expense Tracker Login Test\"",
              "timedOut": false,
              "duration": 2012,
              "state": null,
              "speed": null,
              "pass": false,
              "fail": false,
              "pending": false,
              "context": null,
              "code": "await driver.sleep(2000);",
              "err": {},
              "uuid": "2d274fca-1b29-4ac0-91b4-f6a838614c64",
              "parentUUID": "7142d543-1490-488d-ac6c-e6e8b7fd5cdb",
              "isHook": true,
              "skipped": false
            }
          ],
          "tests": [
            {
              "title": "should sign in successfully",
              "fullTitle": "Expense Tracker Login Test should sign in successfully",
              "timedOut": false,
              "duration": 686,
              "state": "passed",
              "speed": "slow",
              "pass": true,
              "fail": false,
              "pending": false,
              "context": null,
              "code": "console.log(\"🧪 Running sign in test\");\nconst registerPage = new RegisterPage(driver); \nconst email = \"test9@example.com\";\nconst password = \"test@123\";\nconst fullName= \"test\"\n\nawait registerPage.signup(email, password,fullName);\nconsole.log(\"✅ Sign up test completed successfully!\");",
              "err": {},
              "uuid": "badb541d-09ff-4f1e-9fcf-f85b23625d85",
              "parentUUID": "7142d543-1490-488d-ac6c-e6e8b7fd5cdb",
              "isHook": false,
              "skipped": false
            },
            {
              "title": "should log in successfully",
              "fullTitle": "Expense Tracker Login Test should log in successfully",
              "timedOut": false,
              "duration": 309,
              "state": "passed",
              "speed": "slow",
              "pass": true,
              "fail": false,
              "pending": false,
              "context": null,
              "code": "console.log(\"🧪 Running login test\");\nconst loginPage = new LoginPage(driver);\nconst email = \"test@example.com\";\nconst password = \"test@123\";\n\nawait loginPage.login(email, password);\nconsole.log(\"✅ Login test completed successfully!\");",
              "err": {},
              "uuid": "4c6a551d-9fe8-4e0f-8c88-0632eea04a69",
              "parentUUID": "7142d543-1490-488d-ac6c-e6e8b7fd5cdb",
              "isHook": false,
              "skipped": false
            },
            {
              "title": "should add expenses successfully",
              "fullTitle": "Expense Tracker Login Test should add expenses successfully",
              "timedOut": false,
              "duration": 694,
              "state": "passed",
              "speed": "slow",
              "pass": true,
              "fail": false,
              "pending": false,
              "context": null,
              "code": "console.log(\"🧪 Running add expense test\");\nconst expensePage = new ExpensePage(driver);\nconst category = \"food\";\nconst amount = \"100\";\nconst date = \"11/03/2025\";\n// Correct method call\nawait expensePage.addExpense(category, amount, date);\nconsole.log(\"✅ Expenses add test completed successfully!\");",
              "err": {},
              "uuid": "e06e2f0d-0e74-4b43-ae39-173f527fd696",
              "parentUUID": "7142d543-1490-488d-ac6c-e6e8b7fd5cdb",
              "isHook": false,
              "skipped": false
            }
          ],
          "suites": [],
          "passes": [
            "badb541d-09ff-4f1e-9fcf-f85b23625d85",
            "4c6a551d-9fe8-4e0f-8c88-0632eea04a69",
            "e06e2f0d-0e74-4b43-ae39-173f527fd696"
          ],
          "failures": [],
          "pending": [],
          "skipped": [],
          "duration": 1689,
          "root": false,
          "rootEmpty": false,
          "_timeout": 60000
        }
      ],
      "passes": [],
      "failures": [],
      "pending": [],
      "skipped": [],
      "duration": 0,
      "root": true,
      "rootEmpty": true,
      "_timeout": 2000
    }
  ],
  "meta": {
    "mocha": {
      "version": "11.7.4"
    },
    "mochawesome": {
      "options": {
        "quiet": false,
        "reportFilename": "mochawesome",
        "saveHtml": true,
        "saveJson": true,
        "consoleReporter": "spec",
        "useInlineDiffs": false,
        "code": true
      },
      "version": "7.1.4"
    },
    "marge": {
      "options": null,
      "version": "6.3.0"
    }
  }
}